2025-04-03 20:46:43 [main] WARN  org.hibernate.orm.deprecation - HHH90000025: PostgresPlusDialect does not need to be specified explicitly using 'hibernate.dialect' (remove the property setting and it will be selected by default)
2025-04-03 20:46:47 [main] WARN  o.s.b.a.o.j.JpaBaseConfiguration$JpaWebConfiguration - spring.jpa.open-in-view is enabled by default. Therefore, database queries may be performed during view rendering. Explicitly configure spring.jpa.open-in-view to disable this warning
2025-04-03 20:47:09 [restartedMain] WARN  org.hibernate.orm.deprecation - HHH90000025: PostgresPlusDialect does not need to be specified explicitly using 'hibernate.dialect' (remove the property setting and it will be selected by default)
2025-04-03 20:47:20 [restartedMain] WARN  o.s.b.a.o.j.JpaBaseConfiguration$JpaWebConfiguration - spring.jpa.open-in-view is enabled by default. Therefore, database queries may be performed during view rendering. Explicitly configure spring.jpa.open-in-view to disable this warning
2025-04-03 20:48:42 [main] INFO  c.c.r.RecommenderApplicationTests - Starting RecommenderApplicationTests using Java 21.0.6 with PID 22228 (started by marawan.hassaan in C:\Users\Marawan.Hassaan\Desktop\contentwise\recommender_new - after grafana-prom before log\recommender)
2025-04-03 20:48:42 [main] INFO  c.c.r.RecommenderApplicationTests - No active profile set, falling back to 1 default profile: "default"
2025-04-03 20:48:46 [main] WARN  org.hibernate.orm.deprecation - HHH90000025: PostgresPlusDialect does not need to be specified explicitly using 'hibernate.dialect' (remove the property setting and it will be selected by default)
2025-04-03 20:48:50 [main] WARN  o.s.b.a.o.j.JpaBaseConfiguration$JpaWebConfiguration - spring.jpa.open-in-view is enabled by default. Therefore, database queries may be performed during view rendering. Explicitly configure spring.jpa.open-in-view to disable this warning
2025-04-03 20:48:53 [main] INFO  c.c.r.RecommenderApplicationTests - Started RecommenderApplicationTests in 11.495 seconds (process running for 12.7)
2025-04-03 20:49:15 [restartedMain] INFO  c.c.r.RecommenderApplication - Starting RecommenderApplication using Java 21.0.6 with PID 22676 (C:\Users\Marawan.Hassaan\Desktop\contentwise\recommender_new - after grafana-prom before log\recommender\target\classes started by marawan.hassaan in C:\Users\Marawan.Hassaan\Desktop\contentwise\recommender_new - after grafana-prom before log\recommender)
2025-04-03 20:49:15 [restartedMain] INFO  c.c.r.RecommenderApplication - No active profile set, falling back to 1 default profile: "default"
2025-04-03 20:49:20 [restartedMain] WARN  org.hibernate.orm.deprecation - HHH90000025: PostgresPlusDialect does not need to be specified explicitly using 'hibernate.dialect' (remove the property setting and it will be selected by default)
2025-04-03 20:49:26 [restartedMain] WARN  o.s.b.a.o.j.JpaBaseConfiguration$JpaWebConfiguration - spring.jpa.open-in-view is enabled by default. Therefore, database queries may be performed during view rendering. Explicitly configure spring.jpa.open-in-view to disable this warning
2025-04-03 20:49:27 [restartedMain] INFO  c.c.r.RecommenderApplication - Started RecommenderApplication in 13.229 seconds (process running for 14.275)
2025-04-03 20:49:37 [http-nio-8080-exec-7] INFO  c.c.r.controllers.GenreController - genres are called
2025-04-03 20:49:38 [http-nio-8080-exec-4] INFO  c.c.r.controllers.GenreController - genres are called
2025-04-03 20:49:39 [http-nio-8080-exec-3] INFO  c.c.r.controllers.GenreController - genres are called
2025-04-03 20:51:11 [http-nio-8080-exec-8] INFO  c.c.r.controllers.GenreController - genres are called
2025-04-03 21:10:22 [main] INFO  c.c.r.RecommenderApplicationTests - Starting RecommenderApplicationTests using Java 21.0.6 with PID 27744 (started by marawan.hassaan in C:\Users\Marawan.Hassaan\Desktop\contentwise\recommender_new - after grafana-prom before log\recommender)
2025-04-03 21:10:22 [main] INFO  c.c.r.RecommenderApplicationTests - No active profile set, falling back to 1 default profile: "default"
2025-04-03 21:10:32 [main] WARN  org.hibernate.orm.deprecation - HHH90000025: PostgresPlusDialect does not need to be specified explicitly using 'hibernate.dialect' (remove the property setting and it will be selected by default)
2025-04-03 21:10:42 [main] WARN  o.s.b.a.o.j.JpaBaseConfiguration$JpaWebConfiguration - spring.jpa.open-in-view is enabled by default. Therefore, database queries may be performed during view rendering. Explicitly configure spring.jpa.open-in-view to disable this warning
2025-04-03 21:10:48 [main] INFO  c.c.r.RecommenderApplicationTests - Started RecommenderApplicationTests in 26.467 seconds (process running for 29.714)
2025-04-03 22:16:55 [main] INFO  c.c.r.RecommenderApplicationTests - Starting RecommenderApplicationTests using Java 21.0.6 with PID 19076 (started by marawan.hassaan in C:\Users\Marawan.Hassaan\Desktop\contentwise\recommender_new - after grafana-prom before log\recommender)
2025-04-03 22:16:55 [main] INFO  c.c.r.RecommenderApplicationTests - No active profile set, falling back to 1 default profile: "default"
2025-04-03 22:17:05 [main] WARN  org.hibernate.orm.deprecation - HHH90000025: PostgresPlusDialect does not need to be specified explicitly using 'hibernate.dialect' (remove the property setting and it will be selected by default)
2025-04-03 22:17:11 [main] WARN  o.s.b.a.o.j.JpaBaseConfiguration$JpaWebConfiguration - spring.jpa.open-in-view is enabled by default. Therefore, database queries may be performed during view rendering. Explicitly configure spring.jpa.open-in-view to disable this warning
2025-04-03 22:17:13 [main] INFO  c.c.r.RecommenderApplicationTests - Started RecommenderApplicationTests in 18.354 seconds (process running for 20.855)
2025-04-03 22:23:46 [main] INFO  c.c.r.RecommenderApplicationTests - Starting RecommenderApplicationTests using Java 21.0.6 with PID 19976 (started by marawan.hassaan in C:\Users\Marawan.Hassaan\Desktop\contentwise\recommender_new - after grafana-prom before log\recommender)
2025-04-03 22:23:46 [main] INFO  c.c.r.RecommenderApplicationTests - No active profile set, falling back to 1 default profile: "default"
2025-04-03 22:23:50 [main] WARN  org.hibernate.orm.deprecation - HHH90000025: PostgresPlusDialect does not need to be specified explicitly using 'hibernate.dialect' (remove the property setting and it will be selected by default)
2025-04-03 22:23:55 [main] WARN  o.s.b.a.o.j.JpaBaseConfiguration$JpaWebConfiguration - spring.jpa.open-in-view is enabled by default. Therefore, database queries may be performed during view rendering. Explicitly configure spring.jpa.open-in-view to disable this warning
2025-04-03 22:23:57 [main] INFO  c.c.r.RecommenderApplicationTests - Started RecommenderApplicationTests in 12.002 seconds (process running for 13.24)
2025-04-03 22:25:46 [main] INFO  c.c.r.RecommenderApplicationTests - Starting RecommenderApplicationTests using Java 21.0.6 with PID 25116 (started by marawan.hassaan in C:\Users\Marawan.Hassaan\Desktop\contentwise\recommender_new - after grafana-prom before log\recommender)
2025-04-03 22:25:46 [main] INFO  c.c.r.RecommenderApplicationTests - No active profile set, falling back to 1 default profile: "default"
2025-04-03 22:25:50 [main] WARN  org.hibernate.orm.deprecation - HHH90000025: PostgresPlusDialect does not need to be specified explicitly using 'hibernate.dialect' (remove the property setting and it will be selected by default)
2025-04-03 22:25:54 [main] WARN  o.s.b.a.o.j.JpaBaseConfiguration$JpaWebConfiguration - spring.jpa.open-in-view is enabled by default. Therefore, database queries may be performed during view rendering. Explicitly configure spring.jpa.open-in-view to disable this warning
2025-04-03 22:25:56 [main] INFO  c.c.r.RecommenderApplicationTests - Started RecommenderApplicationTests in 10.844 seconds (process running for 11.923)
2025-04-03 22:26:48 [main] INFO  c.c.r.RecommenderApplicationTests - Starting RecommenderApplicationTests using Java 21.0.6 with PID 16464 (started by marawan.hassaan in C:\Users\Marawan.Hassaan\Desktop\contentwise\recommender_new - after grafana-prom before log\recommender)
2025-04-03 22:26:48 [main] INFO  c.c.r.RecommenderApplicationTests - No active profile set, falling back to 1 default profile: "default"
2025-04-03 22:26:52 [main] WARN  org.hibernate.orm.deprecation - HHH90000025: PostgresPlusDialect does not need to be specified explicitly using 'hibernate.dialect' (remove the property setting and it will be selected by default)
2025-04-03 22:26:56 [main] WARN  o.s.b.a.o.j.JpaBaseConfiguration$JpaWebConfiguration - spring.jpa.open-in-view is enabled by default. Therefore, database queries may be performed during view rendering. Explicitly configure spring.jpa.open-in-view to disable this warning
2025-04-03 22:26:58 [main] INFO  c.c.r.RecommenderApplicationTests - Started RecommenderApplicationTests in 10.435 seconds (process running for 11.524)
2025-04-03 22:29:50 [main] INFO  c.c.r.RecommenderApplicationTests - Starting RecommenderApplicationTests using Java 21.0.6 with PID 21036 (started by marawan.hassaan in C:\Users\Marawan.Hassaan\Desktop\contentwise\recommender_new - after grafana-prom before log\recommender)
2025-04-03 22:29:50 [main] INFO  c.c.r.RecommenderApplicationTests - No active profile set, falling back to 1 default profile: "default"
2025-04-03 22:29:53 [main] WARN  org.hibernate.orm.deprecation - HHH90000025: PostgresPlusDialect does not need to be specified explicitly using 'hibernate.dialect' (remove the property setting and it will be selected by default)
2025-04-03 22:29:57 [main] WARN  o.s.b.a.o.j.JpaBaseConfiguration$JpaWebConfiguration - spring.jpa.open-in-view is enabled by default. Therefore, database queries may be performed during view rendering. Explicitly configure spring.jpa.open-in-view to disable this warning
2025-04-03 22:30:00 [main] INFO  c.c.r.RecommenderApplicationTests - Started RecommenderApplicationTests in 10.439 seconds (process running for 11.656)
2025-04-03 22:37:52 [main] INFO  c.c.r.RecommenderApplicationTests - Starting RecommenderApplicationTests using Java 21.0.6 with PID 10088 (started by marawan.hassaan in C:\Users\Marawan.Hassaan\Desktop\contentwise\recommender_new - after grafana-prom before log\recommender)
2025-04-03 22:37:52 [main] INFO  c.c.r.RecommenderApplicationTests - No active profile set, falling back to 1 default profile: "default"
2025-04-03 22:38:02 [main] WARN  org.hibernate.orm.deprecation - HHH90000025: PostgresPlusDialect does not need to be specified explicitly using 'hibernate.dialect' (remove the property setting and it will be selected by default)
2025-04-03 22:38:11 [main] WARN  o.s.b.a.o.j.JpaBaseConfiguration$JpaWebConfiguration - spring.jpa.open-in-view is enabled by default. Therefore, database queries may be performed during view rendering. Explicitly configure spring.jpa.open-in-view to disable this warning
2025-04-03 22:38:18 [main] INFO  c.c.r.RecommenderApplicationTests - Started RecommenderApplicationTests in 26.609 seconds (process running for 29.559)
2025-04-03 22:39:57 [main] INFO  c.c.r.RecommenderApplicationTests - Starting RecommenderApplicationTests using Java 21.0.6 with PID 15636 (started by marawan.hassaan in C:\Users\Marawan.Hassaan\Desktop\contentwise\recommender_new - after grafana-prom before log\recommender)
2025-04-03 22:39:57 [main] INFO  c.c.r.RecommenderApplicationTests - No active profile set, falling back to 1 default profile: "default"
2025-04-03 22:40:06 [main] WARN  org.hibernate.orm.deprecation - HHH90000025: PostgresPlusDialect does not need to be specified explicitly using 'hibernate.dialect' (remove the property setting and it will be selected by default)
2025-04-03 22:40:16 [main] WARN  o.s.b.a.o.j.JpaBaseConfiguration$JpaWebConfiguration - spring.jpa.open-in-view is enabled by default. Therefore, database queries may be performed during view rendering. Explicitly configure spring.jpa.open-in-view to disable this warning
2025-04-03 22:40:22 [main] INFO  c.c.r.RecommenderApplicationTests - Started RecommenderApplicationTests in 25.944 seconds (process running for 29.213)
2025-04-03 22:43:29 [main] INFO  c.c.r.RecommenderApplicationTests - Starting RecommenderApplicationTests using Java 21.0.6 with PID 28708 (started by marawan.hassaan in C:\Users\Marawan.Hassaan\Desktop\contentwise\recommender_new - after grafana-prom before log\recommender)
2025-04-03 22:43:29 [main] INFO  c.c.r.RecommenderApplicationTests - No active profile set, falling back to 1 default profile: "default"
2025-04-03 22:43:37 [main] WARN  org.hibernate.orm.deprecation - HHH90000025: PostgresPlusDialect does not need to be specified explicitly using 'hibernate.dialect' (remove the property setting and it will be selected by default)
2025-04-03 22:43:42 [main] WARN  o.s.b.a.o.j.JpaBaseConfiguration$JpaWebConfiguration - spring.jpa.open-in-view is enabled by default. Therefore, database queries may be performed during view rendering. Explicitly configure spring.jpa.open-in-view to disable this warning
2025-04-03 22:43:44 [main] INFO  c.c.r.RecommenderApplicationTests - Started RecommenderApplicationTests in 16.226 seconds (process running for 18.716)
2025-04-03 22:46:45 [main] INFO  c.c.r.RecommenderApplicationTests - Starting RecommenderApplicationTests using Java 21.0.6 with PID 24976 (started by marawan.hassaan in C:\Users\Marawan.Hassaan\Desktop\contentwise\recommender_new - after grafana-prom before log\recommender)
2025-04-03 22:46:45 [main] INFO  c.c.r.RecommenderApplicationTests - No active profile set, falling back to 1 default profile: "default"
2025-04-03 22:46:49 [main] WARN  org.hibernate.orm.deprecation - HHH90000025: PostgresPlusDialect does not need to be specified explicitly using 'hibernate.dialect' (remove the property setting and it will be selected by default)
2025-04-03 22:46:55 [main] WARN  o.s.b.a.o.j.JpaBaseConfiguration$JpaWebConfiguration - spring.jpa.open-in-view is enabled by default. Therefore, database queries may be performed during view rendering. Explicitly configure spring.jpa.open-in-view to disable this warning
2025-04-03 22:46:59 [main] INFO  c.c.r.RecommenderApplicationTests - Started RecommenderApplicationTests in 13.945 seconds (process running for 17.373)
2025-04-03 22:50:02 [main] INFO  c.c.r.RecommenderApplicationTests - Starting RecommenderApplicationTests using Java 21.0.6 with PID 10300 (started by marawan.hassaan in C:\Users\Marawan.Hassaan\Desktop\contentwise\recommender_new - after grafana-prom before log\recommender)
2025-04-03 22:50:02 [main] INFO  c.c.r.RecommenderApplicationTests - No active profile set, falling back to 1 default profile: "default"
2025-04-03 22:50:08 [main] WARN  org.hibernate.orm.deprecation - HHH90000025: PostgresPlusDialect does not need to be specified explicitly using 'hibernate.dialect' (remove the property setting and it will be selected by default)
2025-04-03 22:50:17 [main] WARN  o.s.b.a.o.j.JpaBaseConfiguration$JpaWebConfiguration - spring.jpa.open-in-view is enabled by default. Therefore, database queries may be performed during view rendering. Explicitly configure spring.jpa.open-in-view to disable this warning
2025-04-03 22:50:26 [main] INFO  c.c.r.RecommenderApplicationTests - Started RecommenderApplicationTests in 24.617 seconds (process running for 26.029)
2025-04-03 22:54:41 [main] INFO  c.c.r.RecommenderApplicationTests - Starting RecommenderApplicationTests using Java 21.0.6 with PID 29208 (started by marawan.hassaan in C:\Users\Marawan.Hassaan\Desktop\contentwise\recommender_new - after grafana-prom before log\recommender)
2025-04-03 22:54:41 [main] INFO  c.c.r.RecommenderApplicationTests - No active profile set, falling back to 1 default profile: "default"
2025-04-03 22:54:51 [main] WARN  org.hibernate.orm.deprecation - HHH90000025: PostgresPlusDialect does not need to be specified explicitly using 'hibernate.dialect' (remove the property setting and it will be selected by default)
2025-04-03 22:55:01 [main] WARN  o.s.b.a.o.j.JpaBaseConfiguration$JpaWebConfiguration - spring.jpa.open-in-view is enabled by default. Therefore, database queries may be performed during view rendering. Explicitly configure spring.jpa.open-in-view to disable this warning
2025-04-03 22:55:06 [main] INFO  c.c.r.RecommenderApplicationTests - Started RecommenderApplicationTests in 26.828 seconds (process running for 29.249)
2025-04-03 22:57:11 [main] INFO  c.c.r.RecommenderApplicationTests - Starting RecommenderApplicationTests using Java 21.0.6 with PID 26740 (started by marawan.hassaan in C:\Users\Marawan.Hassaan\Desktop\contentwise\recommender_new - after grafana-prom before log\recommender)
2025-04-03 22:57:11 [main] INFO  c.c.r.RecommenderApplicationTests - No active profile set, falling back to 1 default profile: "default"
2025-04-03 22:57:19 [main] WARN  org.hibernate.orm.deprecation - HHH90000025: PostgresPlusDialect does not need to be specified explicitly using 'hibernate.dialect' (remove the property setting and it will be selected by default)
2025-04-03 22:57:25 [main] WARN  o.s.b.a.o.j.JpaBaseConfiguration$JpaWebConfiguration - spring.jpa.open-in-view is enabled by default. Therefore, database queries may be performed during view rendering. Explicitly configure spring.jpa.open-in-view to disable this warning
2025-04-03 22:57:27 [main] INFO  c.c.r.RecommenderApplicationTests - Started RecommenderApplicationTests in 17.591 seconds (process running for 19.889)
2025-04-03 23:02:49 [main] INFO  c.c.r.controller.GenreControllerTest - Starting GenreControllerTest using Java 21.0.6 with PID 17136 (started by marawan.hassaan in C:\Users\Marawan.Hassaan\Desktop\contentwise\recommender_new - after grafana-prom before log\recommender)
2025-04-03 23:02:49 [main] INFO  c.c.r.controller.GenreControllerTest - No active profile set, falling back to 1 default profile: "default"
2025-04-03 23:02:53 [main] WARN  org.hibernate.orm.deprecation - HHH90000025: PostgresPlusDialect does not need to be specified explicitly using 'hibernate.dialect' (remove the property setting and it will be selected by default)
2025-04-03 23:02:57 [main] WARN  o.s.b.a.o.j.JpaBaseConfiguration$JpaWebConfiguration - spring.jpa.open-in-view is enabled by default. Therefore, database queries may be performed during view rendering. Explicitly configure spring.jpa.open-in-view to disable this warning
2025-04-03 23:03:00 [main] INFO  c.c.r.controller.GenreControllerTest - Started GenreControllerTest in 10.907 seconds (process running for 12.196)
2025-04-03 23:03:02 [main] INFO  c.c.r.controllers.GenreController - genres are called
2025-04-03 23:04:47 [main] INFO  c.c.r.controller.GenreControllerTest - Starting GenreControllerTest using Java 21.0.6 with PID 13732 (started by marawan.hassaan in C:\Users\Marawan.Hassaan\Desktop\contentwise\recommender_new - after grafana-prom before log\recommender)
2025-04-03 23:04:47 [main] INFO  c.c.r.controller.GenreControllerTest - No active profile set, falling back to 1 default profile: "default"
2025-04-03 23:04:53 [main] WARN  org.hibernate.orm.deprecation - HHH90000025: PostgresPlusDialect does not need to be specified explicitly using 'hibernate.dialect' (remove the property setting and it will be selected by default)
2025-04-03 23:04:57 [main] WARN  o.s.b.a.o.j.JpaBaseConfiguration$JpaWebConfiguration - spring.jpa.open-in-view is enabled by default. Therefore, database queries may be performed during view rendering. Explicitly configure spring.jpa.open-in-view to disable this warning
2025-04-03 23:04:59 [main] INFO  c.c.r.controller.GenreControllerTest - Started GenreControllerTest in 12.677 seconds (process running for 16.27)
2025-04-03 23:05:01 [main] INFO  c.c.r.controllers.GenreController - genres are called
2025-04-03 23:07:11 [main] INFO  c.c.r.controller.GenreControllerTest - Starting GenreControllerTest using Java 21.0.6 with PID 448 (started by marawan.hassaan in C:\Users\Marawan.Hassaan\Desktop\contentwise\recommender_new - after grafana-prom before log\recommender)
2025-04-03 23:07:11 [main] INFO  c.c.r.controller.GenreControllerTest - No active profile set, falling back to 1 default profile: "default"
2025-04-03 23:07:14 [main] WARN  org.hibernate.orm.deprecation - HHH90000025: PostgresPlusDialect does not need to be specified explicitly using 'hibernate.dialect' (remove the property setting and it will be selected by default)
2025-04-03 23:07:19 [main] WARN  o.s.b.a.o.j.JpaBaseConfiguration$JpaWebConfiguration - spring.jpa.open-in-view is enabled by default. Therefore, database queries may be performed during view rendering. Explicitly configure spring.jpa.open-in-view to disable this warning
2025-04-03 23:07:21 [main] INFO  c.c.r.controller.GenreControllerTest - Started GenreControllerTest in 10.995 seconds (process running for 12.127)
2025-04-03 23:07:23 [main] INFO  c.c.r.controllers.GenreController - genres are called
2025-04-03 23:08:04 [main] INFO  c.c.r.controller.GenreControllerTest - Starting GenreControllerTest using Java 21.0.6 with PID 27420 (started by marawan.hassaan in C:\Users\Marawan.Hassaan\Desktop\contentwise\recommender_new - after grafana-prom before log\recommender)
2025-04-03 23:08:04 [main] INFO  c.c.r.controller.GenreControllerTest - No active profile set, falling back to 1 default profile: "default"
2025-04-03 23:08:08 [main] WARN  org.hibernate.orm.deprecation - HHH90000025: PostgresPlusDialect does not need to be specified explicitly using 'hibernate.dialect' (remove the property setting and it will be selected by default)
2025-04-03 23:08:12 [main] WARN  o.s.b.a.o.j.JpaBaseConfiguration$JpaWebConfiguration - spring.jpa.open-in-view is enabled by default. Therefore, database queries may be performed during view rendering. Explicitly configure spring.jpa.open-in-view to disable this warning
2025-04-03 23:08:15 [main] INFO  c.c.r.controller.GenreControllerTest - Started GenreControllerTest in 10.594 seconds (process running for 11.68)
2025-04-03 23:08:17 [main] INFO  c.c.r.controllers.GenreController - genres are called
2025-04-03 23:24:49 [main] INFO  c.c.r.controller.GenreControllerTest - Starting GenreControllerTest using Java 21.0.6 with PID 28288 (started by marawan.hassaan in C:\Users\Marawan.Hassaan\Desktop\contentwise\recommender_new - after grafana-prom before log\recommender)
2025-04-03 23:24:49 [main] INFO  c.c.r.controller.GenreControllerTest - No active profile set, falling back to 1 default profile: "default"
2025-04-03 23:24:57 [main] WARN  org.hibernate.orm.deprecation - HHH90000025: PostgresPlusDialect does not need to be specified explicitly using 'hibernate.dialect' (remove the property setting and it will be selected by default)
2025-04-03 23:25:04 [main] WARN  o.s.b.a.o.j.JpaBaseConfiguration$JpaWebConfiguration - spring.jpa.open-in-view is enabled by default. Therefore, database queries may be performed during view rendering. Explicitly configure spring.jpa.open-in-view to disable this warning
2025-04-03 23:25:07 [main] INFO  c.c.r.controller.GenreControllerTest - Started GenreControllerTest in 18.568 seconds (process running for 22.107)
2025-04-03 23:25:08 [main] INFO  c.c.r.controllers.GenreController - genres are called
2025-04-03 23:26:09 [main] INFO  c.c.r.controller.GenreControllerTest - Starting GenreControllerTest using Java 21.0.6 with PID 29836 (started by marawan.hassaan in C:\Users\Marawan.Hassaan\Desktop\contentwise\recommender_new - after grafana-prom before log\recommender)
2025-04-03 23:26:09 [main] INFO  c.c.r.controller.GenreControllerTest - No active profile set, falling back to 1 default profile: "default"
2025-04-03 23:26:13 [main] WARN  org.hibernate.orm.deprecation - HHH90000025: PostgresPlusDialect does not need to be specified explicitly using 'hibernate.dialect' (remove the property setting and it will be selected by default)
2025-04-03 23:26:20 [main] WARN  o.s.b.a.o.j.JpaBaseConfiguration$JpaWebConfiguration - spring.jpa.open-in-view is enabled by default. Therefore, database queries may be performed during view rendering. Explicitly configure spring.jpa.open-in-view to disable this warning
2025-04-03 23:26:22 [main] INFO  c.c.r.controller.GenreControllerTest - Started GenreControllerTest in 13.44 seconds (process running for 17.124)
2025-04-03 23:26:24 [main] INFO  c.c.r.controllers.GenreController - genres are called
2025-04-03 23:28:16 [main] INFO  c.c.r.controller.GenreControllerTest - Starting GenreControllerTest using Java 21.0.6 with PID 2400 (started by marawan.hassaan in C:\Users\Marawan.Hassaan\Desktop\contentwise\recommender_new - after grafana-prom before log\recommender)
2025-04-03 23:28:16 [main] INFO  c.c.r.controller.GenreControllerTest - No active profile set, falling back to 1 default profile: "default"
2025-04-03 23:28:20 [main] WARN  org.hibernate.orm.deprecation - HHH90000025: PostgresPlusDialect does not need to be specified explicitly using 'hibernate.dialect' (remove the property setting and it will be selected by default)
2025-04-03 23:28:24 [main] WARN  o.s.b.a.o.j.JpaBaseConfiguration$JpaWebConfiguration - spring.jpa.open-in-view is enabled by default. Therefore, database queries may be performed during view rendering. Explicitly configure spring.jpa.open-in-view to disable this warning
2025-04-03 23:28:26 [main] INFO  c.c.r.controller.GenreControllerTest - Started GenreControllerTest in 11.352 seconds (process running for 14.664)
2025-04-03 23:28:28 [main] INFO  c.c.r.controllers.GenreController - genres are called
2025-04-03 23:30:44 [main] INFO  c.c.r.controller.GenreControllerTest - Starting GenreControllerTest using Java 21.0.6 with PID 16196 (started by marawan.hassaan in C:\Users\Marawan.Hassaan\Desktop\contentwise\recommender_new - after grafana-prom before log\recommender)
2025-04-03 23:30:44 [main] INFO  c.c.r.controller.GenreControllerTest - No active profile set, falling back to 1 default profile: "default"
2025-04-03 23:30:49 [main] WARN  org.hibernate.orm.deprecation - HHH90000025: PostgresPlusDialect does not need to be specified explicitly using 'hibernate.dialect' (remove the property setting and it will be selected by default)
2025-04-03 23:31:05 [main] WARN  o.s.b.a.o.j.JpaBaseConfiguration$JpaWebConfiguration - spring.jpa.open-in-view is enabled by default. Therefore, database queries may be performed during view rendering. Explicitly configure spring.jpa.open-in-view to disable this warning
2025-04-03 23:31:14 [main] INFO  c.c.r.controller.GenreControllerTest - Started GenreControllerTest in 29.815 seconds (process running for 31.158)
2025-04-03 23:31:19 [main] INFO  c.c.r.controllers.GenreController - genres are called
2025-04-03 23:32:59 [main] INFO  c.c.r.controller.GenreControllerTest - Starting GenreControllerTest using Java 21.0.6 with PID 27452 (started by marawan.hassaan in C:\Users\Marawan.Hassaan\Desktop\contentwise\recommender_new - after grafana-prom before log\recommender)
2025-04-03 23:32:59 [main] INFO  c.c.r.controller.GenreControllerTest - No active profile set, falling back to 1 default profile: "default"
2025-04-03 23:33:06 [main] WARN  org.hibernate.orm.deprecation - HHH90000025: PostgresPlusDialect does not need to be specified explicitly using 'hibernate.dialect' (remove the property setting and it will be selected by default)
2025-04-03 23:33:17 [main] WARN  o.s.b.a.o.j.JpaBaseConfiguration$JpaWebConfiguration - spring.jpa.open-in-view is enabled by default. Therefore, database queries may be performed during view rendering. Explicitly configure spring.jpa.open-in-view to disable this warning
2025-04-03 23:33:23 [main] INFO  c.c.r.controller.GenreControllerTest - Started GenreControllerTest in 24.235 seconds (process running for 25.551)
2025-04-03 23:33:27 [main] INFO  c.c.r.controllers.GenreController - genres are called
2025-04-03 23:34:34 [main] INFO  c.c.r.controller.GenreControllerTest - Starting GenreControllerTest using Java 21.0.6 with PID 18684 (started by marawan.hassaan in C:\Users\Marawan.Hassaan\Desktop\contentwise\recommender_new - after grafana-prom before log\recommender)
2025-04-03 23:34:34 [main] INFO  c.c.r.controller.GenreControllerTest - No active profile set, falling back to 1 default profile: "default"
2025-04-03 23:34:43 [main] WARN  org.hibernate.orm.deprecation - HHH90000025: PostgresPlusDialect does not need to be specified explicitly using 'hibernate.dialect' (remove the property setting and it will be selected by default)
2025-04-03 23:34:48 [main] WARN  o.s.b.a.o.j.JpaBaseConfiguration$JpaWebConfiguration - spring.jpa.open-in-view is enabled by default. Therefore, database queries may be performed during view rendering. Explicitly configure spring.jpa.open-in-view to disable this warning
2025-04-03 23:34:50 [main] INFO  c.c.r.controller.GenreControllerTest - Started GenreControllerTest in 16.947 seconds (process running for 20.236)
2025-04-03 23:34:52 [main] INFO  c.c.r.controllers.GenreController - genres are called
2025-04-03 23:35:54 [main] INFO  c.c.r.controller.GenreControllerTest - Starting GenreControllerTest using Java 21.0.6 with PID 13296 (started by marawan.hassaan in C:\Users\Marawan.Hassaan\Desktop\contentwise\recommender_new - after grafana-prom before log\recommender)
2025-04-03 23:35:54 [main] INFO  c.c.r.controller.GenreControllerTest - No active profile set, falling back to 1 default profile: "default"
2025-04-03 23:35:58 [main] WARN  org.hibernate.orm.deprecation - HHH90000025: PostgresPlusDialect does not need to be specified explicitly using 'hibernate.dialect' (remove the property setting and it will be selected by default)
2025-04-03 23:36:02 [main] WARN  o.s.b.a.o.j.JpaBaseConfiguration$JpaWebConfiguration - spring.jpa.open-in-view is enabled by default. Therefore, database queries may be performed during view rendering. Explicitly configure spring.jpa.open-in-view to disable this warning
2025-04-03 23:36:05 [main] INFO  c.c.r.controller.GenreControllerTest - Started GenreControllerTest in 11.551 seconds (process running for 12.625)
2025-04-03 23:36:07 [main] INFO  c.c.r.controllers.GenreController - genres are called
2025-04-03 23:38:27 [main] INFO  c.c.r.controller.GenreControllerTest - Starting GenreControllerTest using Java 21.0.6 with PID 24608 (started by marawan.hassaan in C:\Users\Marawan.Hassaan\Desktop\contentwise\recommender_new - after grafana-prom before log\recommender)
2025-04-03 23:38:27 [main] INFO  c.c.r.controller.GenreControllerTest - No active profile set, falling back to 1 default profile: "default"
2025-04-03 23:38:40 [main] WARN  org.hibernate.orm.deprecation - HHH90000025: PostgresPlusDialect does not need to be specified explicitly using 'hibernate.dialect' (remove the property setting and it will be selected by default)
2025-04-03 23:38:55 [main] WARN  o.s.b.a.o.j.JpaBaseConfiguration$JpaWebConfiguration - spring.jpa.open-in-view is enabled by default. Therefore, database queries may be performed during view rendering. Explicitly configure spring.jpa.open-in-view to disable this warning
2025-04-03 23:39:01 [main] INFO  c.c.r.controller.GenreControllerTest - Started GenreControllerTest in 36.159 seconds (process running for 40.734)
2025-04-03 23:39:04 [main] INFO  c.c.r.controllers.GenreController - genres are called
2025-04-03 23:40:13 [main] INFO  c.c.r.controller.GenreControllerTest - Starting GenreControllerTest using Java 21.0.6 with PID 15004 (started by marawan.hassaan in C:\Users\Marawan.Hassaan\Desktop\contentwise\recommender_new - after grafana-prom before log\recommender)
2025-04-03 23:40:13 [main] INFO  c.c.r.controller.GenreControllerTest - No active profile set, falling back to 1 default profile: "default"
2025-04-03 23:40:19 [main] WARN  org.hibernate.orm.deprecation - HHH90000025: PostgresPlusDialect does not need to be specified explicitly using 'hibernate.dialect' (remove the property setting and it will be selected by default)
2025-04-03 23:40:24 [main] WARN  o.s.b.a.o.j.JpaBaseConfiguration$JpaWebConfiguration - spring.jpa.open-in-view is enabled by default. Therefore, database queries may be performed during view rendering. Explicitly configure spring.jpa.open-in-view to disable this warning
2025-04-03 23:40:27 [main] INFO  c.c.r.controller.GenreControllerTest - Started GenreControllerTest in 13.724 seconds (process running for 15.636)
2025-04-03 23:40:28 [main] INFO  c.c.r.controllers.GenreController - genres are called
2025-04-03 23:42:34 [main] INFO  c.c.r.controller.GenreControllerTest - Starting GenreControllerTest using Java 21.0.6 with PID 30628 (started by marawan.hassaan in C:\Users\Marawan.Hassaan\Desktop\contentwise\recommender_new - after grafana-prom before log\recommender)
2025-04-03 23:42:34 [main] INFO  c.c.r.controller.GenreControllerTest - No active profile set, falling back to 1 default profile: "default"
2025-04-03 23:42:38 [main] WARN  org.hibernate.orm.deprecation - HHH90000025: PostgresPlusDialect does not need to be specified explicitly using 'hibernate.dialect' (remove the property setting and it will be selected by default)
2025-04-03 23:42:42 [main] WARN  o.s.b.a.o.j.JpaBaseConfiguration$JpaWebConfiguration - spring.jpa.open-in-view is enabled by default. Therefore, database queries may be performed during view rendering. Explicitly configure spring.jpa.open-in-view to disable this warning
2025-04-03 23:42:45 [main] INFO  c.c.r.controller.GenreControllerTest - Started GenreControllerTest in 10.719 seconds (process running for 12.0)
2025-04-03 23:42:46 [main] INFO  c.c.r.controllers.GenreController - genres are called
2025-04-03 23:44:37 [main] INFO  c.c.r.controller.GenreControllerTest - Starting GenreControllerTest using Java 21.0.6 with PID 25452 (started by marawan.hassaan in C:\Users\Marawan.Hassaan\Desktop\contentwise\recommender_new - after grafana-prom before log\recommender)
2025-04-03 23:44:37 [main] INFO  c.c.r.controller.GenreControllerTest - No active profile set, falling back to 1 default profile: "default"
2025-04-03 23:44:41 [main] WARN  org.hibernate.orm.deprecation - HHH90000025: PostgresPlusDialect does not need to be specified explicitly using 'hibernate.dialect' (remove the property setting and it will be selected by default)
2025-04-03 23:44:46 [main] WARN  o.s.b.a.o.j.JpaBaseConfiguration$JpaWebConfiguration - spring.jpa.open-in-view is enabled by default. Therefore, database queries may be performed during view rendering. Explicitly configure spring.jpa.open-in-view to disable this warning
2025-04-03 23:44:48 [main] INFO  c.c.r.controller.GenreControllerTest - Started GenreControllerTest in 11.313 seconds (process running for 12.482)
2025-04-03 23:44:50 [main] INFO  c.c.r.controllers.GenreController - genres are called
2025-04-03 23:47:50 [main] INFO  c.c.r.controller.GenreControllerTest - Starting GenreControllerTest using Java 21.0.6 with PID 13996 (started by marawan.hassaan in C:\Users\Marawan.Hassaan\Desktop\contentwise\recommender_new - after grafana-prom before log\recommender)
2025-04-03 23:47:50 [main] INFO  c.c.r.controller.GenreControllerTest - No active profile set, falling back to 1 default profile: "default"
2025-04-03 23:47:54 [main] WARN  org.hibernate.orm.deprecation - HHH90000025: PostgresPlusDialect does not need to be specified explicitly using 'hibernate.dialect' (remove the property setting and it will be selected by default)
2025-04-03 23:48:00 [main] WARN  o.s.b.a.o.j.JpaBaseConfiguration$JpaWebConfiguration - spring.jpa.open-in-view is enabled by default. Therefore, database queries may be performed during view rendering. Explicitly configure spring.jpa.open-in-view to disable this warning
2025-04-03 23:48:03 [main] INFO  c.c.r.controller.GenreControllerTest - Started GenreControllerTest in 12.743 seconds (process running for 14.208)
2025-04-03 23:48:05 [main] INFO  c.c.r.controllers.GenreController - genres are called
2025-04-03 23:49:32 [main] INFO  c.c.r.controller.GenreControllerTest - Starting GenreControllerTest using Java 21.0.6 with PID 22992 (started by marawan.hassaan in C:\Users\Marawan.Hassaan\Desktop\contentwise\recommender_new - after grafana-prom before log\recommender)
2025-04-03 23:49:32 [main] INFO  c.c.r.controller.GenreControllerTest - No active profile set, falling back to 1 default profile: "default"
2025-04-03 23:49:43 [main] WARN  org.hibernate.orm.deprecation - HHH90000025: PostgresPlusDialect does not need to be specified explicitly using 'hibernate.dialect' (remove the property setting and it will be selected by default)
2025-04-03 23:49:52 [main] WARN  o.s.b.a.o.j.JpaBaseConfiguration$JpaWebConfiguration - spring.jpa.open-in-view is enabled by default. Therefore, database queries may be performed during view rendering. Explicitly configure spring.jpa.open-in-view to disable this warning
2025-04-03 23:49:54 [main] INFO  c.c.r.controller.GenreControllerTest - Started GenreControllerTest in 23.239 seconds (process running for 26.389)
2025-04-03 23:49:56 [main] INFO  c.c.r.controllers.GenreController - genres are called
2025-04-03 23:54:58 [main] INFO  c.c.r.controller.GenreControllerTest - Starting GenreControllerTest using Java 21.0.6 with PID 3412 (started by marawan.hassaan in C:\Users\Marawan.Hassaan\Desktop\contentwise\recommender_new - after grafana-prom before log\recommender)
2025-04-03 23:54:58 [main] INFO  c.c.r.controller.GenreControllerTest - No active profile set, falling back to 1 default profile: "default"
2025-04-03 23:55:08 [main] WARN  org.hibernate.orm.deprecation - HHH90000025: PostgresPlusDialect does not need to be specified explicitly using 'hibernate.dialect' (remove the property setting and it will be selected by default)
2025-04-03 23:55:17 [main] WARN  o.s.b.a.o.j.JpaBaseConfiguration$JpaWebConfiguration - spring.jpa.open-in-view is enabled by default. Therefore, database queries may be performed during view rendering. Explicitly configure spring.jpa.open-in-view to disable this warning
2025-04-03 23:55:22 [main] INFO  c.c.r.controller.GenreControllerTest - Started GenreControllerTest in 25.283 seconds (process running for 28.707)
2025-04-03 23:55:24 [main] INFO  c.c.r.controllers.GenreController - genres are called
2025-04-03 23:59:53 [main] INFO  c.c.r.controller.GenreControllerTest - Starting GenreControllerTest using Java 21.0.6 with PID 22436 (started by marawan.hassaan in C:\Users\Marawan.Hassaan\Desktop\contentwise\recommender_new - after grafana-prom before log\recommender)
2025-04-03 23:59:53 [main] INFO  c.c.r.controller.GenreControllerTest - No active profile set, falling back to 1 default profile: "default"
2025-04-03 23:59:57 [main] WARN  org.hibernate.orm.deprecation - HHH90000025: PostgresPlusDialect does not need to be specified explicitly using 'hibernate.dialect' (remove the property setting and it will be selected by default)
